<?xml version="1.0" encoding="UTF-8"?>
<!-- Generated by org.testng.reporters.JUnitXMLReporter -->
<testsuite ignored="0" hostname="DESKTOP-EV79O54" failures="0" tests="7" name="Test" time="67.282" errors="0" timestamp="2023-01-03T00:33:00 IST">
  <testcase classname="Module1_ProfilePage_Test.PolicyBazarTest" name="@BeforeClass open_Application" time="67.048">
    <failure type="org.openqa.selenium.SessionNotCreatedException" message="Could not start a new session. Possible causes are invalid address of the remote server or browser start-up failure. 
Host info: host: &amp;apos;DESKTOP-EV79O54&amp;apos;, ip: &amp;apos;192.168.40.3&amp;apos;">
      <![CDATA[org.openqa.selenium.SessionNotCreatedException: Could not start a new session. Possible causes are invalid address of the remote server or browser start-up failure. 
Host info: host: 'DESKTOP-EV79O54', ip: '192.168.40.3'
at org.openqa.selenium.remote.RemoteWebDriver.execute(RemoteWebDriver.java:559)
at org.openqa.selenium.remote.RemoteWebDriver.startSession(RemoteWebDriver.java:242)
at org.openqa.selenium.remote.RemoteWebDriver.<init>(RemoteWebDriver.java:157)
at org.openqa.selenium.chromium.ChromiumDriver.<init>(ChromiumDriver.java:101)
at org.openqa.selenium.chrome.ChromeDriver.<init>(ChromeDriver.java:81)
at org.openqa.selenium.chrome.ChromeDriver.<init>(ChromeDriver.java:49)
at LibraryFiles.baseclass.initializeBrowser(baseclass.java:20)
at Module1_ProfilePage_Test.PolicyBazarTest.open_Application(PolicyBazarTest.java:51)
at java.base/java.util.ArrayList.forEach(ArrayList.java:1511)
Caused by: org.openqa.selenium.WebDriverException: Timed out waiting for driver server to start.
Build info: version: '4.6.0', revision: '79f1c02ae20'
System info: os.name: 'Windows 10', os.arch: 'amd64', os.version: '10.0', java.version: '16.0.1'
Driver info: driver.version: ChromeDriver
at org.openqa.selenium.remote.service.DriverService.start(DriverService.java:243)
at org.openqa.selenium.remote.service.DriverCommandExecutor.execute(DriverCommandExecutor.java:98)
at org.openqa.selenium.remote.RemoteWebDriver.execute(RemoteWebDriver.java:541)
... 33 more
Caused by: java.util.concurrent.ExecutionException: org.openqa.selenium.WebDriverException: Timed out waiting for driver server to start.
Build info: version: '4.6.0', revision: '79f1c02ae20'
System info: os.name: 'Windows 10', os.arch: 'amd64', os.version: '10.0', java.version: '16.0.1'
Driver info: driver.version: unknown
at java.base/java.util.concurrent.CompletableFuture.reportGet(CompletableFuture.java:395)
at java.base/java.util.concurrent.CompletableFuture.get(CompletableFuture.java:2092)
at org.openqa.selenium.remote.service.DriverService.start(DriverService.java:233)
... 35 more
Caused by: org.openqa.selenium.WebDriverException: Timed out waiting for driver server to start.
Build info: version: '4.6.0', revision: '79f1c02ae20'
System info: os.name: 'Windows 10', os.arch: 'amd64', os.version: '10.0', java.version: '16.0.1'
Driver info: driver.version: unknown
at org.openqa.selenium.remote.service.DriverService.waitUntilAvailable(DriverService.java:264)
at org.openqa.selenium.remote.service.DriverService.lambda$start$1(DriverService.java:218)
at java.base/java.util.concurrent.CompletableFuture$AsyncSupply.run(CompletableFuture.java:1764)
at java.base/java.util.concurrent.ThreadPoolExecutor.runWorker(ThreadPoolExecutor.java:1130)
at java.base/java.util.concurrent.ThreadPoolExecutor$Worker.run(ThreadPoolExecutor.java:630)
at java.base/java.lang.Thread.run(Thread.java:831)
Caused by: org.openqa.selenium.net.UrlChecker$TimeoutException: Timed out waiting for [http://localhost:40713/status] to be available after 20018 ms
at org.openqa.selenium.net.UrlChecker.waitUntilAvailable(UrlChecker.java:89)
at org.openqa.selenium.remote.service.DriverService.waitUntilAvailable(DriverService.java:260)
... 5 more
Caused by: java.util.concurrent.TimeoutException
at java.base/java.util.concurrent.FutureTask.get(FutureTask.java:204)
at org.openqa.selenium.net.UrlChecker.waitUntilAvailable(UrlChecker.java:87)
... 6 more
... Removed 25 stack frames]]>
    </failure>
  </testcase> <!-- @BeforeClass open_Application -->
  <testcase classname="Module1_ProfilePage_Test.PolicyBazarTest" name="@BeforeMethod Sign_In_to_Application" time="-1.672686180445E9">
    <skipped/>
  </testcase> <!-- @BeforeMethod Sign_In_to_Application -->
  <testcase classname="Module1_ProfilePage_Test.PolicyBazarTest" name="@AfterMethod SignOut_From_Application" time="-1.672686180462E9">
    <skipped/>
  </testcase> <!-- @AfterMethod SignOut_From_Application -->
  <testcase classname="Module1_ProfilePage_Test.PolicyBazarTest" name="@BeforeMethod Sign_In_to_Application" time="-1.672686180465E9">
    <skipped/>
  </testcase> <!-- @BeforeMethod Sign_In_to_Application -->
  <testcase classname="Module1_ProfilePage_Test.PolicyBazarTest" name="@AfterMethod SignOut_From_Application" time="-1.672686180478E9">
    <skipped/>
  </testcase> <!-- @AfterMethod SignOut_From_Application -->
  <testcase classname="Module1_ProfilePage_Test.PolicyBazarTest" name="@BeforeMethod Sign_In_to_Application" time="-1.672686180481E9">
    <skipped/>
  </testcase> <!-- @BeforeMethod Sign_In_to_Application -->
  <testcase classname="Module1_ProfilePage_Test.PolicyBazarTest" name="@AfterMethod SignOut_From_Application" time="-1.672686180495E9">
    <skipped/>
  </testcase> <!-- @AfterMethod SignOut_From_Application -->
  <testcase classname="Module1_ProfilePage_Test.PolicyBazarTest" name="@BeforeMethod Sign_In_to_Application" time="-1.6726861805E9">
    <skipped/>
  </testcase> <!-- @BeforeMethod Sign_In_to_Application -->
  <testcase classname="Module1_ProfilePage_Test.PolicyBazarTest" name="@AfterMethod SignOut_From_Application" time="-1.672686180531E9">
    <skipped/>
  </testcase> <!-- @AfterMethod SignOut_From_Application -->
  <testcase classname="Module1_ProfilePage_Test.PolicyBazarTest" name="@BeforeMethod Sign_In_to_Application" time="-1.672686180536E9">
    <skipped/>
  </testcase> <!-- @BeforeMethod Sign_In_to_Application -->
  <testcase classname="Module1_ProfilePage_Test.PolicyBazarTest" name="@AfterMethod SignOut_From_Application" time="-1.672686180548E9">
    <skipped/>
  </testcase> <!-- @AfterMethod SignOut_From_Application -->
  <testcase classname="Module1_ProfilePage_Test.PolicyBazarTest" name="@BeforeMethod Sign_In_to_Application" time="-1.672686180549E9">
    <skipped/>
  </testcase> <!-- @BeforeMethod Sign_In_to_Application -->
  <testcase classname="Module1_ProfilePage_Test.PolicyBazarTest" name="@AfterMethod SignOut_From_Application" time="-1.672686180564E9">
    <skipped/>
  </testcase> <!-- @AfterMethod SignOut_From_Application -->
  <testcase classname="Module1_ProfilePage_Test.PolicyBazarTest" name="@BeforeMethod Sign_In_to_Application" time="-1.672686180568E9">
    <skipped/>
  </testcase> <!-- @BeforeMethod Sign_In_to_Application -->
  <testcase classname="Module1_ProfilePage_Test.PolicyBazarTest" name="@AfterMethod SignOut_From_Application" time="-1.672686180579E9">
    <skipped/>
  </testcase> <!-- @AfterMethod SignOut_From_Application -->
  <testcase classname="Module1_ProfilePage_Test.PolicyBazarTest" name="@AfterClass Close_Application" time="-1.672686180584E9">
    <skipped/>
  </testcase> <!-- @AfterClass Close_Application -->
  <testcase classname="Module1_ProfilePage_Test.PolicyBazarTest" name="TC100_Verify_Profile_Name" time="0.0">
    <skipped/>
  </testcase> <!-- TC100_Verify_Profile_Name -->
  <testcase classname="Module1_ProfilePage_Test.PolicyBazarTest" name="TC101_Verify_Mobile_Number" time="0.0">
    <skipped/>
  </testcase> <!-- TC101_Verify_Mobile_Number -->
  <testcase classname="Module1_ProfilePage_Test.PolicyBazarTest" name="TC102_Verify_Email_Address" time="0.0">
    <skipped/>
  </testcase> <!-- TC102_Verify_Email_Address -->
  <testcase classname="Module1_ProfilePage_Test.PolicyBazarTest" name="TC103_Verify_Date_of_Birth" time="0.0">
    <skipped/>
  </testcase> <!-- TC103_Verify_Date_of_Birth -->
  <testcase classname="Module1_ProfilePage_Test.PolicyBazarTest" name="TC104_get_Annual_Income" time="0.0">
    <skipped/>
  </testcase> <!-- TC104_get_Annual_Income -->
  <testcase classname="Module1_ProfilePage_Test.PolicyBazarTest" name="TC105_get_Marital_Status" time="0.0">
    <skipped/>
  </testcase> <!-- TC105_get_Marital_Status -->
  <testcase classname="Module1_ProfilePage_Test.PolicyBazarTest" name="TC106_get_city" time="0.0">
    <skipped/>
  </testcase> <!-- TC106_get_city -->
</testsuite> <!-- Test -->
